<?xml version="1.0" encoding="UTF-8"?>
<robot generator="Robot 7.2.2 (Python 3.13.2 on win32)" generated="2025-03-23T20:58:18.062651" rpa="false" schemaversion="5">
<suite id="s1" name="Memberships" source="C:\QAx\projects\smartbit-robot\tests\memberships.robot">
<test id="s1-t1" name="Deve buscar por nome" line="44">
<kw name="Start session" owner="Base" type="SETUP">
<kw name="New Browser" owner="Browser">
<msg time="2025-03-23T20:58:20.166986" level="INFO">{"browser": "chromium", "headless": false, "chromiumSandbox": false, "devtools": false, "handleSIGHUP": true, "handleSIGINT": true, "handleSIGTERM": true, "slowMo": 0.0, "timeout": 30000.0, "tracesDir": "C:\\QAx\\projects\\smartbit-robot\\logs\\browser\\traces\\temp\\098896f0-ccb8-4b62-8167-1f44ce4bcbc5"}</msg>
<msg time="2025-03-23T20:58:20.286531" level="INFO">Starting Browser process C:\Python312\Lib\site-packages\Browser\wrapper\index.js using port 61648</msg>
<msg time="2025-03-23T20:58:20.286863" level="INFO">Node startup parameters: ['node', 'C:\\Python312\\Lib\\site-packages\\Browser\\wrapper\\index.js', '61648']</msg>
<msg time="2025-03-23T20:58:22.809275" level="INFO">Successfully created browser with options: {"browser":"chromium","headless":false,"chromiumSandbox":false,"devtools":false,"handleSIGHUP":true,"handleSIGINT":true,"handleSIGTERM":true,"slowMo":0,"timeout":30000,"tracesDir":"C:\\QAx\\projects\\smartbit-robot\\logs\\browser\\traces\\temp\\098896f0-ccb8-4b62-8167-1f44ce4bcbc5"}</msg>
<arg>browser=chromium</arg>
<arg>headless=False</arg>
<tag>BrowserControl</tag>
<tag>Setter</tag>
<doc>Create a new playwright Browser with specified options.</doc>
<status status="PASS" start="2025-03-23T20:58:20.164485" elapsed="2.645182"/>
</kw>
<kw name="New Page" owner="Browser">
<msg time="2025-03-23T20:58:24.678654" level="INFO">Successfully initialized new page object and opened url: http://localhost:3000/</msg>
<msg time="2025-03-23T20:58:24.678959" level="INFO">No context was open. New context was automatically opened when this page is created.</msg>
<arg>http://localhost:3000/</arg>
<tag>BrowserControl</tag>
<tag>Setter</tag>
<doc>Open a new Page.</doc>
<status status="PASS" start="2025-03-23T20:58:22.810252" elapsed="1.869124"/>
</kw>
<status status="PASS" start="2025-03-23T20:58:20.158841" elapsed="4.520912"/>
</kw>
<kw name="Set Variable" owner="BuiltIn">
<msg time="2025-03-23T20:58:24.681678" level="INFO">${name} = Emily Stone</msg>
<var>${name}</var>
<arg>Emily Stone</arg>
<doc>Returns the given values which can then be assigned to a variables.</doc>
<status status="PASS" start="2025-03-23T20:58:24.680508" elapsed="0.001280"/>
</kw>
<kw name="SignIn admin" owner="Base">
<kw name="Go to login pages" owner="login">
<kw name="Go To" owner="Browser">
<msg time="2025-03-23T20:58:24.821488" level="INFO">Successfully opened URL http://localhost:3000/login</msg>
<arg>http://localhost:3000/login</arg>
<tag>BrowserControl</tag>
<tag>Setter</tag>
<doc>Navigates to the given ``url``.</doc>
<status status="PASS" start="2025-03-23T20:58:24.684842" elapsed="0.137038"/>
</kw>
<status status="PASS" start="2025-03-23T20:58:24.684210" elapsed="0.137946"/>
</kw>
<kw name="Submit login form" owner="login">
<kw name="Fill Text" owner="Browser">
<msg time="2025-03-23T20:58:24.825089" level="INFO">Fills the text 'sac@smartbit.com' in the given field.</msg>
<arg>css=input[name=email]</arg>
<arg>${email}</arg>
<tag>PageContent</tag>
<tag>Setter</tag>
<doc>Clears and fills the given ``txt`` into the text field found by ``selector``.</doc>
<status status="PASS" start="2025-03-23T20:58:24.823750" elapsed="0.085154"/>
</kw>
<kw name="Fill Text" owner="Browser">
<msg time="2025-03-23T20:58:24.911015" level="INFO">Fills the text 'pwd123' in the given field.</msg>
<arg>css=input[name=password]</arg>
<arg>${password}</arg>
<tag>PageContent</tag>
<tag>Setter</tag>
<doc>Clears and fills the given ``txt`` into the text field found by ``selector``.</doc>
<status status="PASS" start="2025-03-23T20:58:24.909507" elapsed="0.025683"/>
</kw>
<kw name="Click" owner="Browser">
<msg time="2025-03-23T20:58:24.936841" level="INFO">Clicks the element 'css=button &gt;&gt; text=Entrar'.</msg>
<arg>css=button &gt;&gt; text=Entrar</arg>
<tag>PageContent</tag>
<tag>Setter</tag>
<doc>Simulates mouse click on the element found by ``selector``.</doc>
<status status="PASS" start="2025-03-23T20:58:24.935709" elapsed="0.076556"/>
</kw>
<arg>${ADMIN_EMAIL}</arg>
<arg>${ADMIN_PASS}</arg>
<status status="PASS" start="2025-03-23T20:58:24.822598" elapsed="0.190550"/>
</kw>
<kw name="User is logged in" owner="Navbar">
<kw name="Set Variable" owner="BuiltIn">
<msg time="2025-03-23T20:58:25.016570" level="INFO">${element} = css=.logged-user</msg>
<var>${element}</var>
<arg>css=.logged-user</arg>
<doc>Returns the given values which can then be assigned to a variables.</doc>
<status status="PASS" start="2025-03-23T20:58:25.015409" elapsed="0.001292"/>
</kw>
<kw name="Wait For Elements State" owner="Browser">
<msg time="2025-03-23T20:58:27.417814" level="INFO">Waited for Element with selector css=.logged-user at state visible</msg>
<arg>${element}</arg>
<arg>visible</arg>
<arg>10</arg>
<tag>PageContent</tag>
<tag>Wait</tag>
<doc>Waits for the element found by ``selector`` to satisfy state option.</doc>
<status status="PASS" start="2025-03-23T20:58:25.017194" elapsed="2.401098"/>
</kw>
<kw name="Get Text" owner="Browser">
<msg time="2025-03-23T20:58:27.485403" level="INFO">Text: 'sac@smartbit.com'</msg>
<arg>${element}</arg>
<arg>equal</arg>
<arg>${email}</arg>
<tag>Assertion</tag>
<tag>Getter</tag>
<tag>PageContent</tag>
<doc>Returns text attribute of the element found by ``selector``.</doc>
<status status="PASS" start="2025-03-23T20:58:27.418761" elapsed="0.066840"/>
</kw>
<arg>${ADMIN_EMAIL}</arg>
<status status="PASS" start="2025-03-23T20:58:25.013782" elapsed="2.472021"/>
</kw>
<status status="PASS" start="2025-03-23T20:58:24.683135" elapsed="2.802775"/>
</kw>
<kw name="Go to memberships" owner="Navbar">
<kw name="Click" owner="Browser">
<msg time="2025-03-23T20:58:27.488841" level="INFO">Clicks the element 'css=a[href="/memberships"]'.</msg>
<arg>css=a[href="/memberships"]</arg>
<tag>PageContent</tag>
<tag>Setter</tag>
<doc>Simulates mouse click on the element found by ``selector``.</doc>
<status status="PASS" start="2025-03-23T20:58:27.487785" elapsed="0.093147"/>
</kw>
<kw name="Wait For Elements State" owner="Browser">
<msg time="2025-03-23T20:58:27.605740" level="INFO">Waited for Element with selector css=h1 &gt;&gt; text=Matrículas at state visible</msg>
<arg>css=h1 &gt;&gt; text=Matrículas</arg>
<arg>visible</arg>
<arg>5</arg>
<tag>PageContent</tag>
<tag>Wait</tag>
<doc>Waits for the element found by ``selector`` to satisfy state option.</doc>
<status status="PASS" start="2025-03-23T20:58:27.581668" elapsed="0.024532"/>
</kw>
<status status="PASS" start="2025-03-23T20:58:27.486677" elapsed="0.119877"/>
</kw>
<kw name="Search by name" owner="Memberships">
<kw name="Fill Text" owner="Browser">
<msg time="2025-03-23T20:58:27.617372" level="INFO">Fills the text 'Emily Stone' in the given field.</msg>
<arg>css=input[placeholder="Busque por nome"]</arg>
<arg>${name}</arg>
<tag>PageContent</tag>
<tag>Setter</tag>
<doc>Clears and fills the given ``txt`` into the text field found by ``selector``.</doc>
<status status="PASS" start="2025-03-23T20:58:27.615556" elapsed="0.034335"/>
</kw>
<kw name="Wait For Elements State" owner="Browser">
<msg time="2025-03-23T20:58:28.545702" level="INFO">Waited for Element with selector css=strong &gt;&gt; text=Total: 1 at state visible</msg>
<arg>css=strong &gt;&gt; text=Total: 1</arg>
<arg>visible</arg>
<arg>5</arg>
<tag>PageContent</tag>
<tag>Wait</tag>
<doc>Waits for the element found by ``selector`` to satisfy state option.</doc>
<status status="PASS" start="2025-03-23T20:58:27.650499" elapsed="0.895434"/>
</kw>
<arg>${name}</arg>
<status status="PASS" start="2025-03-23T20:58:27.613591" elapsed="0.932533"/>
</kw>
<kw name="Shold filter by name" owner="Memberships">
<kw name="Wait For Elements State" owner="Browser">
<msg time="2025-03-23T20:58:28.567291" level="INFO">Waited for Element with selector css=table tbody tr &gt;&gt; text=Emily Stone at state visible</msg>
<arg>css=table tbody tr &gt;&gt; text=${name}</arg>
<arg>visible</arg>
<arg>5</arg>
<tag>PageContent</tag>
<tag>Wait</tag>
<doc>Waits for the element found by ``selector`` to satisfy state option.</doc>
<status status="PASS" start="2025-03-23T20:58:28.548969" elapsed="0.018651"/>
</kw>
<arg>${name}</arg>
<status status="PASS" start="2025-03-23T20:58:28.546808" elapsed="0.020991"/>
</kw>
<kw name="Take Screenshot" owner="Browser" type="TEARDOWN">
<msg time="2025-03-23T20:58:28.728567" level="INFO" html="true">&lt;/td&gt;&lt;/tr&gt;&lt;tr&gt;&lt;td colspan="3"&gt;&lt;a href="browser/screenshot/robotframework-browser-screenshot-1.png" target="_blank"&gt;&lt;img src="browser/screenshot/robotframework-browser-screenshot-1.png" width="800px"/&gt;&lt;/a&gt;</msg>
<tag>PageContent</tag>
<doc>Takes a screenshot of the current window or element and saves it to disk.</doc>
<status status="PASS" start="2025-03-23T20:58:28.568412" elapsed="0.160362"/>
</kw>
<msg time="2025-03-23T20:58:28.735434" level="INFO">Set timeout to: 10000</msg>
<msg time="2025-03-23T20:58:28.768274" level="INFO">Switching context to context=871757ad-241f-4b12-aa9a-7ef4a32d9285 in CURRENT</msg>
<msg time="2025-03-23T20:58:28.792540" level="INFO">Successfully changed active context: context=871757ad-241f-4b12-aa9a-7ef4a32d9285</msg>
<msg time="2025-03-23T20:58:28.876385" level="INFO">Successfully closed Context</msg>
<tag>search</tag>
<status status="PASS" start="2025-03-23T20:58:20.155206" elapsed="8.573845"/>
</test>
<doc>Suite de teste de adesões de planos</doc>
<status status="PASS" start="2025-03-23T20:58:18.067850" elapsed="10.819289"/>
</suite>
<statistics>
<total>
<stat pass="1" fail="0" skip="0">All Tests</stat>
</total>
<tag>
<stat pass="1" fail="0" skip="0">search</stat>
</tag>
<suite>
<stat name="Memberships" id="s1" pass="1" fail="0" skip="0">Memberships</stat>
</suite>
</statistics>
<errors>
</errors>
</robot>
